{
  "RSpec": {
    "coverage": {
      "/home/dashing-channel-2947/tic-tac-toe-rb-online-web-sp-000/lib/tic_tac_toe.rb": [
        1,
        null,
        1,
        26,
        26,
        26,
        26,
        26,
        null,
        1,
        null,
        1,
        26,
        null,
        null,
        1,
        null,
        1,
        40,
        40,
        320,
        320,
        320,
        null,
        null,
        320,
        14,
        306,
        4,
        null,
        null,
        null,
        40,
        null,
        null,
        1,
        null,
        1,
        25,
        null,
        1,
        null,
        1,
        24,
        null,
        null,
        1,
        21,
        21,
        21,
        21,
        20,
        20,
        20,
        null,
        1,
        null,
        null,
        null,
        1,
        23,
        null,
        null,
        null,
        1,
        24,
        24,
        216,
        32,
        null,
        null,
        24,
        null,
        1,
        null,
        1,
        22,
        15,
        null,
        7,
        null,
        null,
        1,
        null,
        1,
        46,
        46,
        10,
        null,
        36,
        null,
        null,
        null,
        46,
        46,
        414,
        183,
        null,
        null,
        46,
        null,
        1,
        null,
        1,
        22,
        null,
        1,
        null,
        1,
        22,
        null,
        null,
        1,
        7,
        6,
        null,
        null,
        null,
        1,
        12,
        18,
        null,
        null,
        12,
        5,
        5,
        7,
        3,
        null,
        null,
        null
      ]
    },
    "timestamp": 1599504770
  }
}
